<?xml version="1.0" encoding="UTF-8"?>
<testsuite xmlns:xsi="http://www.w3.org/2001/XMLSchema-instance" xsi:noNamespaceSchemaLocation="https://maven.apache.org/surefire/maven-surefire-plugin/xsd/surefire-test-report.xsd" name="com.tangyong.springbootmybatisdemo.SpringbootMybatisDemoApplicationTests" time="4.793" tests="1" errors="0" skipped="0" failures="0">
  <properties>
    <property name="sun.desktop" value="windows"/>
    <property name="awt.toolkit" value="sun.awt.windows.WToolkit"/>
    <property name="file.encoding.pkg" value="sun.io"/>
    <property name="java.specification.version" value="1.8"/>
    <property name="sun.cpu.isalist" value="amd64"/>
    <property name="sun.jnu.encoding" value="GBK"/>
    <property name="java.class.path" value="E:\ideaProject\springboot-mybatis-demo\target\test-classes;E:\ideaProject\springboot-mybatis-demo\target\classes;E:\apache-maven-3.5.4\repository\org\springframework\boot\spring-boot-starter-jdbc\2.1.1.RELEASE\spring-boot-starter-jdbc-2.1.1.RELEASE.jar;E:\apache-maven-3.5.4\repository\org\springframework\boot\spring-boot-starter\2.1.1.RELEASE\spring-boot-starter-2.1.1.RELEASE.jar;E:\apache-maven-3.5.4\repository\org\springframework\boot\spring-boot\2.1.1.RELEASE\spring-boot-2.1.1.RELEASE.jar;E:\apache-maven-3.5.4\repository\org\springframework\boot\spring-boot-autoconfigure\2.1.1.RELEASE\spring-boot-autoconfigure-2.1.1.RELEASE.jar;E:\apache-maven-3.5.4\repository\org\springframework\boot\spring-boot-starter-logging\2.1.1.RELEASE\spring-boot-starter-logging-2.1.1.RELEASE.jar;E:\apache-maven-3.5.4\repository\ch\qos\logback\logback-classic\1.2.3\logback-classic-1.2.3.jar;E:\apache-maven-3.5.4\repository\ch\qos\logback\logback-core\1.2.3\logback-core-1.2.3.jar;E:\apache-maven-3.5.4\repository\org\apache\logging\log4j\log4j-to-slf4j\2.11.1\log4j-to-slf4j-2.11.1.jar;E:\apache-maven-3.5.4\repository\org\apache\logging\log4j\log4j-api\2.11.1\log4j-api-2.11.1.jar;E:\apache-maven-3.5.4\repository\org\slf4j\jul-to-slf4j\1.7.25\jul-to-slf4j-1.7.25.jar;E:\apache-maven-3.5.4\repository\javax\annotation\javax.annotation-api\1.3.2\javax.annotation-api-1.3.2.jar;E:\apache-maven-3.5.4\repository\org\yaml\snakeyaml\1.23\snakeyaml-1.23.jar;E:\apache-maven-3.5.4\repository\com\zaxxer\HikariCP\3.2.0\HikariCP-3.2.0.jar;E:\apache-maven-3.5.4\repository\org\slf4j\slf4j-api\1.7.25\slf4j-api-1.7.25.jar;E:\apache-maven-3.5.4\repository\org\springframework\spring-jdbc\5.1.3.RELEASE\spring-jdbc-5.1.3.RELEASE.jar;E:\apache-maven-3.5.4\repository\org\springframework\spring-beans\5.1.3.RELEASE\spring-beans-5.1.3.RELEASE.jar;E:\apache-maven-3.5.4\repository\org\springframework\spring-tx\5.1.3.RELEASE\spring-tx-5.1.3.RELEASE.jar;E:\apache-maven-3.5.4\repository\org\springframework\boot\spring-boot-starter-thymeleaf\2.1.1.RELEASE\spring-boot-starter-thymeleaf-2.1.1.RELEASE.jar;E:\apache-maven-3.5.4\repository\org\thymeleaf\thymeleaf-spring5\3.0.11.RELEASE\thymeleaf-spring5-3.0.11.RELEASE.jar;E:\apache-maven-3.5.4\repository\org\thymeleaf\thymeleaf\3.0.11.RELEASE\thymeleaf-3.0.11.RELEASE.jar;E:\apache-maven-3.5.4\repository\org\attoparser\attoparser\2.0.5.RELEASE\attoparser-2.0.5.RELEASE.jar;E:\apache-maven-3.5.4\repository\org\unbescape\unbescape\1.1.6.RELEASE\unbescape-1.1.6.RELEASE.jar;E:\apache-maven-3.5.4\repository\org\thymeleaf\extras\thymeleaf-extras-java8time\3.0.2.RELEASE\thymeleaf-extras-java8time-3.0.2.RELEASE.jar;E:\apache-maven-3.5.4\repository\org\springframework\boot\spring-boot-starter-web\2.1.1.RELEASE\spring-boot-starter-web-2.1.1.RELEASE.jar;E:\apache-maven-3.5.4\repository\org\springframework\boot\spring-boot-starter-json\2.1.1.RELEASE\spring-boot-starter-json-2.1.1.RELEASE.jar;E:\apache-maven-3.5.4\repository\com\fasterxml\jackson\core\jackson-databind\2.9.7\jackson-databind-2.9.7.jar;E:\apache-maven-3.5.4\repository\com\fasterxml\jackson\core\jackson-annotations\2.9.0\jackson-annotations-2.9.0.jar;E:\apache-maven-3.5.4\repository\com\fasterxml\jackson\core\jackson-core\2.9.7\jackson-core-2.9.7.jar;E:\apache-maven-3.5.4\repository\com\fasterxml\jackson\datatype\jackson-datatype-jdk8\2.9.7\jackson-datatype-jdk8-2.9.7.jar;E:\apache-maven-3.5.4\repository\com\fasterxml\jackson\datatype\jackson-datatype-jsr310\2.9.7\jackson-datatype-jsr310-2.9.7.jar;E:\apache-maven-3.5.4\repository\com\fasterxml\jackson\module\jackson-module-parameter-names\2.9.7\jackson-module-parameter-names-2.9.7.jar;E:\apache-maven-3.5.4\repository\org\springframework\boot\spring-boot-starter-tomcat\2.1.1.RELEASE\spring-boot-starter-tomcat-2.1.1.RELEASE.jar;E:\apache-maven-3.5.4\repository\org\apache\tomcat\embed\tomcat-embed-core\9.0.13\tomcat-embed-core-9.0.13.jar;E:\apache-maven-3.5.4\repository\org\apache\tomcat\embed\tomcat-embed-el\9.0.13\tomcat-embed-el-9.0.13.jar;E:\apache-maven-3.5.4\repository\org\apache\tomcat\embed\tomcat-embed-websocket\9.0.13\tomcat-embed-websocket-9.0.13.jar;E:\apache-maven-3.5.4\repository\org\hibernate\validator\hibernate-validator\6.0.13.Final\hibernate-validator-6.0.13.Final.jar;E:\apache-maven-3.5.4\repository\javax\validation\validation-api\2.0.1.Final\validation-api-2.0.1.Final.jar;E:\apache-maven-3.5.4\repository\org\jboss\logging\jboss-logging\3.3.2.Final\jboss-logging-3.3.2.Final.jar;E:\apache-maven-3.5.4\repository\com\fasterxml\classmate\1.4.0\classmate-1.4.0.jar;E:\apache-maven-3.5.4\repository\org\springframework\spring-web\5.1.3.RELEASE\spring-web-5.1.3.RELEASE.jar;E:\apache-maven-3.5.4\repository\org\springframework\spring-webmvc\5.1.3.RELEASE\spring-webmvc-5.1.3.RELEASE.jar;E:\apache-maven-3.5.4\repository\org\springframework\spring-aop\5.1.3.RELEASE\spring-aop-5.1.3.RELEASE.jar;E:\apache-maven-3.5.4\repository\org\springframework\spring-context\5.1.3.RELEASE\spring-context-5.1.3.RELEASE.jar;E:\apache-maven-3.5.4\repository\org\springframework\spring-expression\5.1.3.RELEASE\spring-expression-5.1.3.RELEASE.jar;E:\apache-maven-3.5.4\repository\org\mybatis\spring\boot\mybatis-spring-boot-starter\1.3.2\mybatis-spring-boot-starter-1.3.2.jar;E:\apache-maven-3.5.4\repository\org\mybatis\spring\boot\mybatis-spring-boot-autoconfigure\1.3.2\mybatis-spring-boot-autoconfigure-1.3.2.jar;E:\apache-maven-3.5.4\repository\org\mybatis\mybatis\3.4.6\mybatis-3.4.6.jar;E:\apache-maven-3.5.4\repository\org\mybatis\mybatis-spring\1.3.2\mybatis-spring-1.3.2.jar;E:\apache-maven-3.5.4\repository\mysql\mysql-connector-java\8.0.13\mysql-connector-java-8.0.13.jar;E:\apache-maven-3.5.4\repository\org\springframework\boot\spring-boot-starter-test\2.1.1.RELEASE\spring-boot-starter-test-2.1.1.RELEASE.jar;E:\apache-maven-3.5.4\repository\org\springframework\boot\spring-boot-test\2.1.1.RELEASE\spring-boot-test-2.1.1.RELEASE.jar;E:\apache-maven-3.5.4\repository\org\springframework\boot\spring-boot-test-autoconfigure\2.1.1.RELEASE\spring-boot-test-autoconfigure-2.1.1.RELEASE.jar;E:\apache-maven-3.5.4\repository\com\jayway\jsonpath\json-path\2.4.0\json-path-2.4.0.jar;E:\apache-maven-3.5.4\repository\net\minidev\json-smart\2.3\json-smart-2.3.jar;E:\apache-maven-3.5.4\repository\net\minidev\accessors-smart\1.2\accessors-smart-1.2.jar;E:\apache-maven-3.5.4\repository\org\ow2\asm\asm\5.0.4\asm-5.0.4.jar;E:\apache-maven-3.5.4\repository\junit\junit\4.12\junit-4.12.jar;E:\apache-maven-3.5.4\repository\org\assertj\assertj-core\3.11.1\assertj-core-3.11.1.jar;E:\apache-maven-3.5.4\repository\org\mockito\mockito-core\2.23.4\mockito-core-2.23.4.jar;E:\apache-maven-3.5.4\repository\net\bytebuddy\byte-buddy\1.9.5\byte-buddy-1.9.5.jar;E:\apache-maven-3.5.4\repository\net\bytebuddy\byte-buddy-agent\1.9.5\byte-buddy-agent-1.9.5.jar;E:\apache-maven-3.5.4\repository\org\objenesis\objenesis\2.6\objenesis-2.6.jar;E:\apache-maven-3.5.4\repository\org\hamcrest\hamcrest-core\1.3\hamcrest-core-1.3.jar;E:\apache-maven-3.5.4\repository\org\hamcrest\hamcrest-library\1.3\hamcrest-library-1.3.jar;E:\apache-maven-3.5.4\repository\org\skyscreamer\jsonassert\1.5.0\jsonassert-1.5.0.jar;E:\apache-maven-3.5.4\repository\com\vaadin\external\google\android-json\0.0.20131108.vaadin1\android-json-0.0.20131108.vaadin1.jar;E:\apache-maven-3.5.4\repository\org\springframework\spring-core\5.1.3.RELEASE\spring-core-5.1.3.RELEASE.jar;E:\apache-maven-3.5.4\repository\org\springframework\spring-jcl\5.1.3.RELEASE\spring-jcl-5.1.3.RELEASE.jar;E:\apache-maven-3.5.4\repository\org\springframework\spring-test\5.1.3.RELEASE\spring-test-5.1.3.RELEASE.jar;E:\apache-maven-3.5.4\repository\org\xmlunit\xmlunit-core\2.6.2\xmlunit-core-2.6.2.jar;E:\apache-maven-3.5.4\repository\org\webjars\bootstrap\4.1.3\bootstrap-4.1.3.jar;E:\apache-maven-3.5.4\repository\org\webjars\jquery\3.0.0\jquery-3.0.0.jar;E:\apache-maven-3.5.4\repository\org\webjars\popper.js\1.14.3\popper.js-1.14.3.jar;"/>
    <property name="java.vm.vendor" value="Oracle Corporation"/>
    <property name="sun.arch.data.model" value="64"/>
    <property name="user.variant" value=""/>
    <property name="java.vendor.url" value="http://java.oracle.com/"/>
    <property name="user.timezone" value="Asia/Shanghai"/>
    <property name="java.vm.specification.version" value="1.8"/>
    <property name="os.name" value="Windows 10"/>
    <property name="user.country" value="CN"/>
    <property name="sun.java.launcher" value="SUN_STANDARD"/>
    <property name="sun.boot.library.path" value="E:\Program Files\Java\jdk1.8.0_181\jre\bin"/>
    <property name="sun.java.command" value="C:\Users\ASUS\AppData\Local\Temp\surefire8113476821729671293\surefirebooter4017839163245801100.jar C:\Users\ASUS\AppData\Local\Temp\surefire8113476821729671293 2018-12-13T15-30-54_438-jvmRun1 surefire5539097626891650272tmp surefire_02046917318709058612tmp"/>
    <property name="surefire.test.class.path" value="E:\ideaProject\springboot-mybatis-demo\target\test-classes;E:\ideaProject\springboot-mybatis-demo\target\classes;E:\apache-maven-3.5.4\repository\org\springframework\boot\spring-boot-starter-jdbc\2.1.1.RELEASE\spring-boot-starter-jdbc-2.1.1.RELEASE.jar;E:\apache-maven-3.5.4\repository\org\springframework\boot\spring-boot-starter\2.1.1.RELEASE\spring-boot-starter-2.1.1.RELEASE.jar;E:\apache-maven-3.5.4\repository\org\springframework\boot\spring-boot\2.1.1.RELEASE\spring-boot-2.1.1.RELEASE.jar;E:\apache-maven-3.5.4\repository\org\springframework\boot\spring-boot-autoconfigure\2.1.1.RELEASE\spring-boot-autoconfigure-2.1.1.RELEASE.jar;E:\apache-maven-3.5.4\repository\org\springframework\boot\spring-boot-starter-logging\2.1.1.RELEASE\spring-boot-starter-logging-2.1.1.RELEASE.jar;E:\apache-maven-3.5.4\repository\ch\qos\logback\logback-classic\1.2.3\logback-classic-1.2.3.jar;E:\apache-maven-3.5.4\repository\ch\qos\logback\logback-core\1.2.3\logback-core-1.2.3.jar;E:\apache-maven-3.5.4\repository\org\apache\logging\log4j\log4j-to-slf4j\2.11.1\log4j-to-slf4j-2.11.1.jar;E:\apache-maven-3.5.4\repository\org\apache\logging\log4j\log4j-api\2.11.1\log4j-api-2.11.1.jar;E:\apache-maven-3.5.4\repository\org\slf4j\jul-to-slf4j\1.7.25\jul-to-slf4j-1.7.25.jar;E:\apache-maven-3.5.4\repository\javax\annotation\javax.annotation-api\1.3.2\javax.annotation-api-1.3.2.jar;E:\apache-maven-3.5.4\repository\org\yaml\snakeyaml\1.23\snakeyaml-1.23.jar;E:\apache-maven-3.5.4\repository\com\zaxxer\HikariCP\3.2.0\HikariCP-3.2.0.jar;E:\apache-maven-3.5.4\repository\org\slf4j\slf4j-api\1.7.25\slf4j-api-1.7.25.jar;E:\apache-maven-3.5.4\repository\org\springframework\spring-jdbc\5.1.3.RELEASE\spring-jdbc-5.1.3.RELEASE.jar;E:\apache-maven-3.5.4\repository\org\springframework\spring-beans\5.1.3.RELEASE\spring-beans-5.1.3.RELEASE.jar;E:\apache-maven-3.5.4\repository\org\springframework\spring-tx\5.1.3.RELEASE\spring-tx-5.1.3.RELEASE.jar;E:\apache-maven-3.5.4\repository\org\springframework\boot\spring-boot-starter-thymeleaf\2.1.1.RELEASE\spring-boot-starter-thymeleaf-2.1.1.RELEASE.jar;E:\apache-maven-3.5.4\repository\org\thymeleaf\thymeleaf-spring5\3.0.11.RELEASE\thymeleaf-spring5-3.0.11.RELEASE.jar;E:\apache-maven-3.5.4\repository\org\thymeleaf\thymeleaf\3.0.11.RELEASE\thymeleaf-3.0.11.RELEASE.jar;E:\apache-maven-3.5.4\repository\org\attoparser\attoparser\2.0.5.RELEASE\attoparser-2.0.5.RELEASE.jar;E:\apache-maven-3.5.4\repository\org\unbescape\unbescape\1.1.6.RELEASE\unbescape-1.1.6.RELEASE.jar;E:\apache-maven-3.5.4\repository\org\thymeleaf\extras\thymeleaf-extras-java8time\3.0.2.RELEASE\thymeleaf-extras-java8time-3.0.2.RELEASE.jar;E:\apache-maven-3.5.4\repository\org\springframework\boot\spring-boot-starter-web\2.1.1.RELEASE\spring-boot-starter-web-2.1.1.RELEASE.jar;E:\apache-maven-3.5.4\repository\org\springframework\boot\spring-boot-starter-json\2.1.1.RELEASE\spring-boot-starter-json-2.1.1.RELEASE.jar;E:\apache-maven-3.5.4\repository\com\fasterxml\jackson\core\jackson-databind\2.9.7\jackson-databind-2.9.7.jar;E:\apache-maven-3.5.4\repository\com\fasterxml\jackson\core\jackson-annotations\2.9.0\jackson-annotations-2.9.0.jar;E:\apache-maven-3.5.4\repository\com\fasterxml\jackson\core\jackson-core\2.9.7\jackson-core-2.9.7.jar;E:\apache-maven-3.5.4\repository\com\fasterxml\jackson\datatype\jackson-datatype-jdk8\2.9.7\jackson-datatype-jdk8-2.9.7.jar;E:\apache-maven-3.5.4\repository\com\fasterxml\jackson\datatype\jackson-datatype-jsr310\2.9.7\jackson-datatype-jsr310-2.9.7.jar;E:\apache-maven-3.5.4\repository\com\fasterxml\jackson\module\jackson-module-parameter-names\2.9.7\jackson-module-parameter-names-2.9.7.jar;E:\apache-maven-3.5.4\repository\org\springframework\boot\spring-boot-starter-tomcat\2.1.1.RELEASE\spring-boot-starter-tomcat-2.1.1.RELEASE.jar;E:\apache-maven-3.5.4\repository\org\apache\tomcat\embed\tomcat-embed-core\9.0.13\tomcat-embed-core-9.0.13.jar;E:\apache-maven-3.5.4\repository\org\apache\tomcat\embed\tomcat-embed-el\9.0.13\tomcat-embed-el-9.0.13.jar;E:\apache-maven-3.5.4\repository\org\apache\tomcat\embed\tomcat-embed-websocket\9.0.13\tomcat-embed-websocket-9.0.13.jar;E:\apache-maven-3.5.4\repository\org\hibernate\validator\hibernate-validator\6.0.13.Final\hibernate-validator-6.0.13.Final.jar;E:\apache-maven-3.5.4\repository\javax\validation\validation-api\2.0.1.Final\validation-api-2.0.1.Final.jar;E:\apache-maven-3.5.4\repository\org\jboss\logging\jboss-logging\3.3.2.Final\jboss-logging-3.3.2.Final.jar;E:\apache-maven-3.5.4\repository\com\fasterxml\classmate\1.4.0\classmate-1.4.0.jar;E:\apache-maven-3.5.4\repository\org\springframework\spring-web\5.1.3.RELEASE\spring-web-5.1.3.RELEASE.jar;E:\apache-maven-3.5.4\repository\org\springframework\spring-webmvc\5.1.3.RELEASE\spring-webmvc-5.1.3.RELEASE.jar;E:\apache-maven-3.5.4\repository\org\springframework\spring-aop\5.1.3.RELEASE\spring-aop-5.1.3.RELEASE.jar;E:\apache-maven-3.5.4\repository\org\springframework\spring-context\5.1.3.RELEASE\spring-context-5.1.3.RELEASE.jar;E:\apache-maven-3.5.4\repository\org\springframework\spring-expression\5.1.3.RELEASE\spring-expression-5.1.3.RELEASE.jar;E:\apache-maven-3.5.4\repository\org\mybatis\spring\boot\mybatis-spring-boot-starter\1.3.2\mybatis-spring-boot-starter-1.3.2.jar;E:\apache-maven-3.5.4\repository\org\mybatis\spring\boot\mybatis-spring-boot-autoconfigure\1.3.2\mybatis-spring-boot-autoconfigure-1.3.2.jar;E:\apache-maven-3.5.4\repository\org\mybatis\mybatis\3.4.6\mybatis-3.4.6.jar;E:\apache-maven-3.5.4\repository\org\mybatis\mybatis-spring\1.3.2\mybatis-spring-1.3.2.jar;E:\apache-maven-3.5.4\repository\mysql\mysql-connector-java\8.0.13\mysql-connector-java-8.0.13.jar;E:\apache-maven-3.5.4\repository\org\springframework\boot\spring-boot-starter-test\2.1.1.RELEASE\spring-boot-starter-test-2.1.1.RELEASE.jar;E:\apache-maven-3.5.4\repository\org\springframework\boot\spring-boot-test\2.1.1.RELEASE\spring-boot-test-2.1.1.RELEASE.jar;E:\apache-maven-3.5.4\repository\org\springframework\boot\spring-boot-test-autoconfigure\2.1.1.RELEASE\spring-boot-test-autoconfigure-2.1.1.RELEASE.jar;E:\apache-maven-3.5.4\repository\com\jayway\jsonpath\json-path\2.4.0\json-path-2.4.0.jar;E:\apache-maven-3.5.4\repository\net\minidev\json-smart\2.3\json-smart-2.3.jar;E:\apache-maven-3.5.4\repository\net\minidev\accessors-smart\1.2\accessors-smart-1.2.jar;E:\apache-maven-3.5.4\repository\org\ow2\asm\asm\5.0.4\asm-5.0.4.jar;E:\apache-maven-3.5.4\repository\junit\junit\4.12\junit-4.12.jar;E:\apache-maven-3.5.4\repository\org\assertj\assertj-core\3.11.1\assertj-core-3.11.1.jar;E:\apache-maven-3.5.4\repository\org\mockito\mockito-core\2.23.4\mockito-core-2.23.4.jar;E:\apache-maven-3.5.4\repository\net\bytebuddy\byte-buddy\1.9.5\byte-buddy-1.9.5.jar;E:\apache-maven-3.5.4\repository\net\bytebuddy\byte-buddy-agent\1.9.5\byte-buddy-agent-1.9.5.jar;E:\apache-maven-3.5.4\repository\org\objenesis\objenesis\2.6\objenesis-2.6.jar;E:\apache-maven-3.5.4\repository\org\hamcrest\hamcrest-core\1.3\hamcrest-core-1.3.jar;E:\apache-maven-3.5.4\repository\org\hamcrest\hamcrest-library\1.3\hamcrest-library-1.3.jar;E:\apache-maven-3.5.4\repository\org\skyscreamer\jsonassert\1.5.0\jsonassert-1.5.0.jar;E:\apache-maven-3.5.4\repository\com\vaadin\external\google\android-json\0.0.20131108.vaadin1\android-json-0.0.20131108.vaadin1.jar;E:\apache-maven-3.5.4\repository\org\springframework\spring-core\5.1.3.RELEASE\spring-core-5.1.3.RELEASE.jar;E:\apache-maven-3.5.4\repository\org\springframework\spring-jcl\5.1.3.RELEASE\spring-jcl-5.1.3.RELEASE.jar;E:\apache-maven-3.5.4\repository\org\springframework\spring-test\5.1.3.RELEASE\spring-test-5.1.3.RELEASE.jar;E:\apache-maven-3.5.4\repository\org\xmlunit\xmlunit-core\2.6.2\xmlunit-core-2.6.2.jar;E:\apache-maven-3.5.4\repository\org\webjars\bootstrap\4.1.3\bootstrap-4.1.3.jar;E:\apache-maven-3.5.4\repository\org\webjars\jquery\3.0.0\jquery-3.0.0.jar;E:\apache-maven-3.5.4\repository\org\webjars\popper.js\1.14.3\popper.js-1.14.3.jar;"/>
    <property name="sun.cpu.endian" value="little"/>
    <property name="user.home" value="C:\Users\ASUS"/>
    <property name="user.language" value="zh"/>
    <property name="java.specification.vendor" value="Oracle Corporation"/>
    <property name="java.home" value="E:\Program Files\Java\jdk1.8.0_181\jre"/>
    <property name="basedir" value="E:\ideaProject\springboot-mybatis-demo"/>
    <property name="file.separator" value="\"/>
    <property name="line.separator" value="&#10;"/>
    <property name="java.vm.specification.vendor" value="Oracle Corporation"/>
    <property name="java.specification.name" value="Java Platform API Specification"/>
    <property name="java.awt.graphicsenv" value="sun.awt.Win32GraphicsEnvironment"/>
    <property name="surefire.real.class.path" value="C:\Users\ASUS\AppData\Local\Temp\surefire8113476821729671293\surefirebooter4017839163245801100.jar"/>
    <property name="sun.boot.class.path" value="E:\Program Files\Java\jdk1.8.0_181\jre\lib\resources.jar;E:\Program Files\Java\jdk1.8.0_181\jre\lib\rt.jar;E:\Program Files\Java\jdk1.8.0_181\jre\lib\sunrsasign.jar;E:\Program Files\Java\jdk1.8.0_181\jre\lib\jsse.jar;E:\Program Files\Java\jdk1.8.0_181\jre\lib\jce.jar;E:\Program Files\Java\jdk1.8.0_181\jre\lib\charsets.jar;E:\Program Files\Java\jdk1.8.0_181\jre\lib\jfr.jar;E:\Program Files\Java\jdk1.8.0_181\jre\classes"/>
    <property name="user.script" value=""/>
    <property name="sun.management.compiler" value="HotSpot 64-Bit Tiered Compilers"/>
    <property name="java.runtime.version" value="1.8.0_181-b13"/>
    <property name="user.name" value="唐勇1412"/>
    <property name="path.separator" value=";"/>
    <property name="os.version" value="10.0"/>
    <property name="java.endorsed.dirs" value="E:\Program Files\Java\jdk1.8.0_181\jre\lib\endorsed"/>
    <property name="java.runtime.name" value="Java(TM) SE Runtime Environment"/>
    <property name="file.encoding" value="GBK"/>
    <property name="java.vm.name" value="Java HotSpot(TM) 64-Bit Server VM"/>
    <property name="localRepository" value="E:\apache-maven-3.5.4\repository"/>
    <property name="java.vendor.url.bug" value="http://bugreport.sun.com/bugreport/"/>
    <property name="java.io.tmpdir" value="C:\Users\ASUS\AppData\Local\Temp\"/>
    <property name="idea.version" value="2018.1.2"/>
    <property name="java.version" value="1.8.0_181"/>
    <property name="user.dir" value="E:\ideaProject\springboot-mybatis-demo"/>
    <property name="os.arch" value="amd64"/>
    <property name="java.vm.specification.name" value="Java Virtual Machine Specification"/>
    <property name="java.awt.printerjob" value="sun.awt.windows.WPrinterJob"/>
    <property name="sun.os.patch.level" value=""/>
    <property name="java.library.path" value="E:\Program Files\Java\jdk1.8.0_181\jre\bin;C:\WINDOWS\Sun\Java\bin;C:\WINDOWS\system32;C:\WINDOWS;C:\Program Files (x86)\Common Files\Oracle\Java\javapath;C:\Program Files (x86)\Intel\iCLS Client\;C:\Program Files\Intel\iCLS Client\;C:\Windows\system32;C:\Windows;C:\Windows\System32\Wbem;C:\Windows\System32\WindowsPowerShell\v1.0\;C:\Program Files (x86)\NVIDIA Corporation\PhysX\Common;C:\Program Files (x86)\Intel\Intel(R) Management Engine Components\DAL;C:\Program Files\Intel\Intel(R) Management Engine Components\DAL;C:\Program Files (x86)\Intel\Intel(R) Management Engine Components\IPT;C:\Program Files\Intel\Intel(R) Management Engine Components\IPT;C:\WINDOWS\system32;C:\WINDOWS;C:\WINDOWS\System32\Wbem;C:\WINDOWS\System32\WindowsPowerShell\v1.0\;C:\Program Files\dotnet\;C:\Program Files\Microsoft SQL Server\120\Tools\Binn\;C:\Program Files\Microsoft SQL Server\130\Tools\Binn\;E:\Program Files\Java\jdk1.8.0_181\bin;E:\Program Files\Java\jre\bin;E:\mysql-5.7.16-winx64\bin;C:\Users\ASUS\AppData\Local\Programs\Git\cmd;C:\WINDOWS\System32\OpenSSH\;E:\nodejs\;E:\apache-maven-3.5.4\bin;C:\Users\ASUS\AppData\Local\Microsoft\WindowsApps;;E:\Programs\Microsoft VS Code\bin;C:\Users\ASUS\AppData\Roaming\npm;."/>
    <property name="java.vm.info" value="mixed mode"/>
    <property name="java.vendor" value="Oracle Corporation"/>
    <property name="java.vm.version" value="25.181-b13"/>
    <property name="java.ext.dirs" value="E:\Program Files\Java\jdk1.8.0_181\jre\lib\ext;C:\WINDOWS\Sun\Java\lib\ext"/>
    <property name="sun.io.unicode.encoding" value="UnicodeLittle"/>
    <property name="java.class.version" value="52.0"/>
  </properties>
  <testcase name="contextLoads" classname="com.tangyong.springbootmybatisdemo.SpringbootMybatisDemoApplicationTests" time="0.348"/>
</testsuite>